Processing...
process running
get_tmp running

################################################################


The file name: PCC-000000

list of node(original): ['FET-A-0-right', 'FET-A-1-right', 'capacitor-0-left', 5, 'inductor-0', 7, 'capacitor-0-right', 10, 'FET-A-0', 'VIN', 'GND', 'VOUT', 'FET-A-0-left', 'capacitor-0', 'FET-A-1-left', 'inductor-0-right', 'inductor-0-left', 'FET-A-1']

list of node: ['FET-A-0-right', 'FET-A-1-right', 'capacitor-0-left', 'inductor-0', 'capacitor-0-right', 'FET-A-0', 'VIN', 'GND', 'VOUT', 'FET-A-0-left', 'capacitor-0', 'FET-A-1-left', 'inductor-0-right', 'inductor-0-left', 'FET-A-1']

parameter list: {'VIN': [1, 0, 0, 0, 0, 0, 0, 0], 'VOUT': [0, 1, 0, 0, 0, 0, 0, 0], 'GND': [0, 0, 1, 0, 0, 0, 0, 0], 'capacitor-0': [0, 0, 0, 0.1, 0, 0, 0, 0], 'capacitor-0-left': [0, 0, 0, 0, 0, 0, 0, 1], 'capacitor-0-right': [0, 0, 0, 0, 0, 0, 0, 1], 'FET-A-0': [0, 0, 0, 0, 0, 0.1, 0, 0], 'FET-A-0-left': [0, 0, 0, 0, 0, 0, 0, 1], 'FET-A-0-right': [0, 0, 0, 0, 0, 0, 0, 1], 'FET-A-1': [0, 0, 0, 0, 0, 0.1, 0, 0], 'FET-A-1-left': [0, 0, 0, 0, 0, 0, 0, 1], 'FET-A-1-right': [0, 0, 0, 0, 0, 0, 0, 1], 'inductor-0': [0, 0, 0, 0, 0.05, 0, 0, 0], 'inductor-0-left': [0, 0, 0, 0, 0, 0, 0, 1], 'inductor-0-right': [0, 0, 0, 0, 0, 0, 0, 1]}

xs: [[0, 0, 0, 0, 0, 0, 0, 1], [0, 0, 0, 0, 0, 0, 0, 1], [0, 0, 0, 0, 0, 0, 0, 1], [0, 0, 0, 0, 0.05, 0, 0, 0], [0, 0, 0, 0, 0, 0, 0, 1], [0, 0, 0, 0, 0, 0.1, 0, 0], [1, 0, 0, 0, 0, 0, 0, 0], [0, 0, 1, 0, 0, 0, 0, 0], [0, 1, 0, 0, 0, 0, 0, 0], [0, 0, 0, 0, 0, 0, 0, 1], [0, 0, 0, 0.1, 0, 0, 0, 0], [0, 0, 0, 0, 0, 0, 0, 1], [0, 0, 0, 0, 0, 0, 0, 1], [0, 0, 0, 0, 0, 0, 0, 1], [0, 0, 0, 0, 0, 0.1, 0, 0]]

list of edges (original): [['inductor-0-left', 'inductor-0'], ['capacitor-0-right', 'capacitor-0'], ['GND', 10], ['FET-A-1-left', 7], ['FET-A-1-right', 'FET-A-1'], ['VIN', 'FET-A-1-left'], ['FET-A-0-right', 'FET-A-1-left'], ['inductor-0-left', 5], ['FET-A-0-left', 'inductor-0-left'], ['FET-A-0-right', 'FET-A-0'], ['inductor-0-right', 'GND'], ['capacitor-0-right', 'inductor-0-left'], ['FET-A-1-right', 'GND'], ['capacitor-0-left', 'FET-A-1-left'], ['VOUT', 'inductor-0-left'], ['FET-A-0-left', 'FET-A-0'], ['FET-A-1-left', 'FET-A-1'], ['capacitor-0-left', 'capacitor-0'], ['inductor-0-right', 'inductor-0']]

list of edge : [['inductor-0-left', 'inductor-0'], ['capacitor-0-right', 'capacitor-0'], ['FET-A-1-right', 'FET-A-1'], ['VIN', 'FET-A-1-left'], ['FET-A-0-right', 'FET-A-1-left'], ['FET-A-0-left', 'inductor-0-left'], ['FET-A-0-right', 'FET-A-0'], ['inductor-0-right', 'GND'], ['capacitor-0-right', 'inductor-0-left'], ['FET-A-1-right', 'GND'], ['capacitor-0-left', 'FET-A-1-left'], ['VOUT', 'inductor-0-left'], ['FET-A-0-left', 'FET-A-0'], ['FET-A-1-left', 'FET-A-1'], ['capacitor-0-left', 'capacitor-0'], ['inductor-0-right', 'inductor-0']]

graph: defaultdict(<class 'set'>, {3: {12, 13}, 13: {8, 9, 3, 4}, 12: {3, 7}, 10: {2, 4}, 2: {10, 11}, 4: {10, 13}, 14: {1, 11}, 11: {0, 2, 14, 6}, 1: {14, 7}, 6: {11}, 0: {11, 5}, 8: {13}, 9: {5, 13}, 5: {0, 9}, 7: {1, 12}})

edge: [[3, 12], [3, 13], [13, 8], [13, 9], [13, 3], [13, 4], [12, 3], [12, 7], [10, 2], [10, 4], [2, 10], [2, 11], [4, 10], [4, 13], [14, 1], [14, 11], [11, 0], [11, 2], [11, 14], [11, 6], [1, 14], [1, 7], [6, 11], [0, 11], [0, 5], [8, 13], [9, 5], [9, 13], [5, 0], [5, 9], [7, 1], [7, 12]]

device:
 tensor([[0.0000, 0.0000, 0.0000, 0.0000, 0.0000, 0.0000, 0.0000, 1.0000],
        [0.0000, 0.0000, 0.0000, 0.0000, 0.0000, 0.0000, 0.0000, 1.0000],
        [0.0000, 0.0000, 0.0000, 0.0000, 0.0000, 0.0000, 0.0000, 1.0000],
        [0.0000, 0.0000, 0.0000, 0.0000, 0.0500, 0.0000, 0.0000, 0.0000],
        [0.0000, 0.0000, 0.0000, 0.0000, 0.0000, 0.0000, 0.0000, 1.0000],
        [0.0000, 0.0000, 0.0000, 0.0000, 0.0000, 0.1000, 0.0000, 0.0000],
        [1.0000, 0.0000, 0.0000, 0.0000, 0.0000, 0.0000, 0.0000, 0.0000],
        [0.0000, 0.0000, 1.0000, 0.0000, 0.0000, 0.0000, 0.0000, 0.0000],
        [0.0000, 1.0000, 0.0000, 0.0000, 0.0000, 0.0000, 0.0000, 0.0000],
        [0.0000, 0.0000, 0.0000, 0.0000, 0.0000, 0.0000, 0.0000, 1.0000],
        [0.0000, 0.0000, 0.0000, 0.1000, 0.0000, 0.0000, 0.0000, 0.0000],
        [0.0000, 0.0000, 0.0000, 0.0000, 0.0000, 0.0000, 0.0000, 1.0000],
        [0.0000, 0.0000, 0.0000, 0.0000, 0.0000, 0.0000, 0.0000, 1.0000],
        [0.0000, 0.0000, 0.0000, 0.0000, 0.0000, 0.0000, 0.0000, 1.0000],
        [0.0000, 0.0000, 0.0000, 0.0000, 0.0000, 0.1000, 0.0000, 0.0000]])

edge:
 tensor([[ 3,  3, 13, 13, 13, 13, 12, 12, 10, 10,  2,  2,  4,  4, 14, 14, 11, 11,
         11, 11,  1,  1,  6,  0,  0,  8,  9,  9,  5,  5,  7,  7],
        [12, 13,  8,  9,  3,  4,  3,  7,  2,  4, 10, 11, 10, 13,  1, 11,  0,  2,
         14,  6, 14,  7, 11, 11,  5, 13,  5, 13,  0,  9,  1, 12]])

y:
 tensor([1.3194e-05])

################################################################


The file name: PCC-000001

list of node(original): [5, 6, 7, 10, 'VIN', 'inductor-1-left', 'FET-A-0', 'FET-B-0', 'FET-A-0-left', 'FET-B-0-left', 'inductor-0-right', 'inductor-0-left', 'GND', 'VOUT', 'FET-A-0-right', 'FET-B-0-right', 'inductor-0', 'inductor-1', 'inductor-1-right']

list of node: ['VIN', 'inductor-1-left', 'FET-A-0', 'FET-B-0', 'FET-A-0-left', 'FET-B-0-left', 'inductor-0-right', 'inductor-0-left', 'GND', 'VOUT', 'FET-A-0-right', 'FET-B-0-right', 'inductor-0', 'inductor-1', 'inductor-1-right']

parameter list: {'VIN': [1, 0, 0, 0, 0, 0, 0, 0], 'VOUT': [0, 1, 0, 0, 0, 0, 0, 0], 'GND': [0, 0, 1, 0, 0, 0, 0, 0], 'FET-A-0': [0, 0, 0, 0, 0, 0.1, 0, 0], 'FET-A-0-left': [0, 0, 0, 0, 0, 0, 0, 1], 'FET-A-0-right': [0, 0, 0, 0, 0, 0, 0, 1], 'FET-B-0': [0, 0, 0, 0, 0, 0, 0.25, 0], 'FET-B-0-left': [0, 0, 0, 0, 0, 0, 0, 1], 'FET-B-0-right': [0, 0, 0, 0, 0, 0, 0, 1], 'inductor-0': [0, 0, 0, 0, 0.05, 0, 0, 0], 'inductor-0-left': [0, 0, 0, 0, 0, 0, 0, 1], 'inductor-0-right': [0, 0, 0, 0, 0, 0, 0, 1], 'inductor-1': [0, 0, 0, 0, 0.75, 0, 0, 0], 'inductor-1-left': [0, 0, 0, 0, 0, 0, 0, 1], 'inductor-1-right': [0, 0, 0, 0, 0, 0, 0, 1]}

xs: [[1, 0, 0, 0, 0, 0, 0, 0], [0, 0, 0, 0, 0, 0, 0, 1], [0, 0, 0, 0, 0, 0.1, 0, 0], [0, 0, 0, 0, 0, 0, 0.25, 0], [0, 0, 0, 0, 0, 0, 0, 1], [0, 0, 0, 0, 0, 0, 0, 1], [0, 0, 0, 0, 0, 0, 0, 1], [0, 0, 0, 0, 0, 0, 0, 1], [0, 0, 1, 0, 0, 0, 0, 0], [0, 1, 0, 0, 0, 0, 0, 0], [0, 0, 0, 0, 0, 0, 0, 1], [0, 0, 0, 0, 0, 0, 0, 1], [0, 0, 0, 0, 0.05, 0, 0, 0], [0, 0, 0, 0, 0.75, 0, 0, 0], [0, 0, 0, 0, 0, 0, 0, 1]]

list of edges (original): [['FET-A-0-right', 5], ['inductor-1-left', 'FET-A-0-right'], ['inductor-0-left', 'inductor-0'], ['inductor-0-right', 'FET-A-0-right'], ['inductor-1-right', 10], ['inductor-1-right', 'inductor-1'], ['VIN', 7], ['FET-B-0-left', 'FET-B-0'], ['VOUT', 6], ['inductor-1-left', 'inductor-1'], ['FET-A-0-right', 'FET-A-0'], ['inductor-0-left', 'VIN'], ['FET-B-0-right', 'FET-B-0'], ['GND', 'FET-A-0-right'], ['FET-A-0-left', 'inductor-1-right'], ['FET-A-0-left', 'FET-A-0'], ['FET-B-0-right', 'VOUT'], ['inductor-0-right', 'inductor-0'], ['FET-B-0-left', 'FET-A-0-right']]

list of edge : [['inductor-1-left', 'FET-A-0-right'], ['inductor-0-left', 'inductor-0'], ['inductor-0-right', 'FET-A-0-right'], ['inductor-1-right', 'inductor-1'], ['FET-B-0-left', 'FET-B-0'], ['inductor-1-left', 'inductor-1'], ['FET-A-0-right', 'FET-A-0'], ['inductor-0-left', 'VIN'], ['FET-B-0-right', 'FET-B-0'], ['GND', 'FET-A-0-right'], ['FET-A-0-left', 'inductor-1-right'], ['FET-A-0-left', 'FET-A-0'], ['FET-B-0-right', 'VOUT'], ['inductor-0-right', 'inductor-0'], ['FET-B-0-left', 'FET-A-0-right']]

graph: defaultdict(<class 'set'>, {10: {1, 2, 5, 6, 8}, 5: {10, 3}, 6: {10, 12}, 1: {10, 13}, 8: {10}, 12: {6, 7}, 7: {0, 12}, 13: {1, 14}, 14: {4, 13}, 3: {11, 5}, 11: {9, 3}, 2: {10, 4}, 4: {2, 14}, 0: {7}, 9: {11}})

edge: [[10, 1], [10, 2], [10, 5], [10, 6], [10, 8], [5, 10], [5, 3], [6, 10], [6, 12], [1, 10], [1, 13], [8, 10], [12, 6], [12, 7], [7, 0], [7, 12], [13, 1], [13, 14], [14, 4], [14, 13], [3, 11], [3, 5], [11, 9], [11, 3], [2, 10], [2, 4], [4, 2], [4, 14], [0, 7], [9, 11]]

device:
 tensor([[1.0000, 0.0000, 0.0000, 0.0000, 0.0000, 0.0000, 0.0000, 0.0000],
        [0.0000, 0.0000, 0.0000, 0.0000, 0.0000, 0.0000, 0.0000, 1.0000],
        [0.0000, 0.0000, 0.0000, 0.0000, 0.0000, 0.1000, 0.0000, 0.0000],
        [0.0000, 0.0000, 0.0000, 0.0000, 0.0000, 0.0000, 0.2500, 0.0000],
        [0.0000, 0.0000, 0.0000, 0.0000, 0.0000, 0.0000, 0.0000, 1.0000],
        [0.0000, 0.0000, 0.0000, 0.0000, 0.0000, 0.0000, 0.0000, 1.0000],
        [0.0000, 0.0000, 0.0000, 0.0000, 0.0000, 0.0000, 0.0000, 1.0000],
        [0.0000, 0.0000, 0.0000, 0.0000, 0.0000, 0.0000, 0.0000, 1.0000],
        [0.0000, 0.0000, 1.0000, 0.0000, 0.0000, 0.0000, 0.0000, 0.0000],
        [0.0000, 1.0000, 0.0000, 0.0000, 0.0000, 0.0000, 0.0000, 0.0000],
        [0.0000, 0.0000, 0.0000, 0.0000, 0.0000, 0.0000, 0.0000, 1.0000],
        [0.0000, 0.0000, 0.0000, 0.0000, 0.0000, 0.0000, 0.0000, 1.0000],
        [0.0000, 0.0000, 0.0000, 0.0000, 0.0500, 0.0000, 0.0000, 0.0000],
        [0.0000, 0.0000, 0.0000, 0.0000, 0.7500, 0.0000, 0.0000, 0.0000],
        [0.0000, 0.0000, 0.0000, 0.0000, 0.0000, 0.0000, 0.0000, 1.0000]])

edge:
 tensor([[10, 10, 10, 10, 10,  5,  5,  6,  6,  1,  1,  8, 12, 12,  7,  7, 13, 13,
         14, 14,  3,  3, 11, 11,  2,  2,  4,  4,  0,  9],
        [ 1,  2,  5,  6,  8, 10,  3, 10, 12, 10, 13, 10,  6,  7,  0, 12,  1, 14,
          4, 13, 11,  5,  9,  3, 10,  4,  2, 14,  7, 11]])

y:
 tensor([0.])

################################################################


The file name: PCC-000002

list of node(original): [3, 'FET-A-1-right', 5, 8, 10, 'VIN', 'capacitor-0-left', 'FET-A-0', 'FET-A-0-left', 'inductor-0-right', 'inductor-0-left', 'GND', 'VOUT', 'FET-A-1', 'FET-A-0-right', 'inductor-0', 'capacitor-0-right', 'capacitor-0', 'FET-A-1-left']

list of node: ['FET-A-1-right', 'VIN', 'capacitor-0-left', 'FET-A-0', 'FET-A-0-left', 'inductor-0-right', 'inductor-0-left', 'GND', 'VOUT', 'FET-A-1', 'FET-A-0-right', 'inductor-0', 'capacitor-0-right', 'capacitor-0', 'FET-A-1-left']

parameter list: {'VIN': [1, 0, 0, 0, 0, 0, 0, 0], 'VOUT': [0, 1, 0, 0, 0, 0, 0, 0], 'GND': [0, 0, 1, 0, 0, 0, 0, 0], 'FET-A-0': [0, 0, 0, 0, 0, 0.1, 0, 0], 'FET-A-0-left': [0, 0, 0, 0, 0, 0, 0, 1], 'FET-A-0-right': [0, 0, 0, 0, 0, 0, 0, 1], 'FET-A-1': [0, 0, 0, 0, 0, 0.1, 0, 0], 'FET-A-1-left': [0, 0, 0, 0, 0, 0, 0, 1], 'FET-A-1-right': [0, 0, 0, 0, 0, 0, 0, 1], 'inductor-0': [0, 0, 0, 0, 0.75, 0, 0, 0], 'inductor-0-left': [0, 0, 0, 0, 0, 0, 0, 1], 'inductor-0-right': [0, 0, 0, 0, 0, 0, 0, 1], 'capacitor-0': [0, 0, 0, 0.025, 0, 0, 0, 0], 'capacitor-0-left': [0, 0, 0, 0, 0, 0, 0, 1], 'capacitor-0-right': [0, 0, 0, 0, 0, 0, 0, 1]}

xs: [[0, 0, 0, 0, 0, 0, 0, 1], [1, 0, 0, 0, 0, 0, 0, 0], [0, 0, 0, 0, 0, 0, 0, 1], [0, 0, 0, 0, 0, 0.1, 0, 0], [0, 0, 0, 0, 0, 0, 0, 1], [0, 0, 0, 0, 0, 0, 0, 1], [0, 0, 0, 0, 0, 0, 0, 1], [0, 0, 1, 0, 0, 0, 0, 0], [0, 1, 0, 0, 0, 0, 0, 0], [0, 0, 0, 0, 0, 0.1, 0, 0], [0, 0, 0, 0, 0, 0, 0, 1], [0, 0, 0, 0, 0.75, 0, 0, 0], [0, 0, 0, 0, 0, 0, 0, 1], [0, 0, 0, 0.025, 0, 0, 0, 0], [0, 0, 0, 0, 0, 0, 0, 1]]

list of edges (original): [['VIN', 8], ['FET-A-0-left', 3], ['capacitor-0-right', 10], ['inductor-0-left', 'inductor-0'], ['capacitor-0-right', 'capacitor-0'], ['inductor-0-right', 'VIN'], ['FET-A-1-right', 'FET-A-1'], ['FET-A-0-right', 'capacitor-0-right'], ['capacitor-0-left', 5], ['VOUT', 'FET-A-0-left'], ['FET-A-0-right', 'FET-A-0'], ['inductor-0-left', 'capacitor-0-right'], ['GND', 'capacitor-0-left'], ['FET-A-0-left', 'FET-A-0'], ['FET-A-1-left', 'FET-A-1'], ['inductor-0-right', 'inductor-0'], ['capacitor-0-left', 'capacitor-0'], ['FET-A-1-left', 'capacitor-0-left'], ['FET-A-1-right', 'FET-A-0-left']]

list of edge : [['inductor-0-left', 'inductor-0'], ['capacitor-0-right', 'capacitor-0'], ['inductor-0-right', 'VIN'], ['FET-A-1-right', 'FET-A-1'], ['FET-A-0-right', 'capacitor-0-right'], ['VOUT', 'FET-A-0-left'], ['FET-A-0-right', 'FET-A-0'], ['inductor-0-left', 'capacitor-0-right'], ['GND', 'capacitor-0-left'], ['FET-A-0-left', 'FET-A-0'], ['FET-A-1-left', 'FET-A-1'], ['inductor-0-right', 'inductor-0'], ['capacitor-0-left', 'capacitor-0'], ['FET-A-1-left', 'capacitor-0-left'], ['FET-A-1-right', 'FET-A-0-left']]

graph: defaultdict(<class 'set'>, {11: {5, 6}, 6: {11, 12}, 5: {1, 11}, 13: {2, 12}, 2: {13, 14, 7}, 12: {10, 13, 6}, 1: {5}, 9: {0, 14}, 14: {9, 2}, 0: {9, 4}, 10: {3, 12}, 4: {0, 8, 3}, 8: {4}, 3: {10, 4}, 7: {2}})

edge: [[11, 5], [11, 6], [6, 11], [6, 12], [5, 1], [5, 11], [13, 2], [13, 12], [2, 13], [2, 14], [2, 7], [12, 10], [12, 13], [12, 6], [1, 5], [9, 0], [9, 14], [14, 9], [14, 2], [0, 9], [0, 4], [10, 3], [10, 12], [4, 0], [4, 8], [4, 3], [8, 4], [3, 10], [3, 4], [7, 2]]

device:
 tensor([[0.0000, 0.0000, 0.0000, 0.0000, 0.0000, 0.0000, 0.0000, 1.0000],
        [1.0000, 0.0000, 0.0000, 0.0000, 0.0000, 0.0000, 0.0000, 0.0000],
        [0.0000, 0.0000, 0.0000, 0.0000, 0.0000, 0.0000, 0.0000, 1.0000],
        [0.0000, 0.0000, 0.0000, 0.0000, 0.0000, 0.1000, 0.0000, 0.0000],
        [0.0000, 0.0000, 0.0000, 0.0000, 0.0000, 0.0000, 0.0000, 1.0000],
        [0.0000, 0.0000, 0.0000, 0.0000, 0.0000, 0.0000, 0.0000, 1.0000],
        [0.0000, 0.0000, 0.0000, 0.0000, 0.0000, 0.0000, 0.0000, 1.0000],
        [0.0000, 0.0000, 1.0000, 0.0000, 0.0000, 0.0000, 0.0000, 0.0000],
        [0.0000, 1.0000, 0.0000, 0.0000, 0.0000, 0.0000, 0.0000, 0.0000],
        [0.0000, 0.0000, 0.0000, 0.0000, 0.0000, 0.1000, 0.0000, 0.0000],
        [0.0000, 0.0000, 0.0000, 0.0000, 0.0000, 0.0000, 0.0000, 1.0000],
        [0.0000, 0.0000, 0.0000, 0.0000, 0.7500, 0.0000, 0.0000, 0.0000],
        [0.0000, 0.0000, 0.0000, 0.0000, 0.0000, 0.0000, 0.0000, 1.0000],
        [0.0000, 0.0000, 0.0000, 0.0250, 0.0000, 0.0000, 0.0000, 0.0000],
        [0.0000, 0.0000, 0.0000, 0.0000, 0.0000, 0.0000, 0.0000, 1.0000]])

edge:
 tensor([[11, 11,  6,  6,  5,  5, 13, 13,  2,  2,  2, 12, 12, 12,  1,  9,  9, 14,
         14,  0,  0, 10, 10,  4,  4,  4,  8,  3,  3,  7],
        [ 5,  6, 11, 12,  1, 11,  2, 12, 13, 14,  7, 10, 13,  6,  5,  0, 14,  9,
          2,  9,  4,  3, 12,  0,  8,  3,  4, 10,  4,  2]])

y:
 tensor([0.0053])

################################################################


The file name: PCC-000003

list of node(original): ['FET-A-0-right', 4, 5, 6, 'FET-B-0-right', 'inductor-0', 'FET-A-0', 'VIN', 'GND', 'FET-B-0', 'VOUT', 'FET-A-0-left', 'inductor-1', 'FET-B-0-left', 'inductor-0-right', 'inductor-1-left', 'inductor-1-right', 'inductor-0-left']

list of node: ['FET-A-0-right', 'FET-B-0-right', 'inductor-0', 'FET-A-0', 'VIN', 'GND', 'FET-B-0', 'VOUT', 'FET-A-0-left', 'inductor-1', 'FET-B-0-left', 'inductor-0-right', 'inductor-1-left', 'inductor-1-right', 'inductor-0-left']

parameter list: {'VIN': [1, 0, 0, 0, 0, 0, 0, 0], 'VOUT': [0, 1, 0, 0, 0, 0, 0, 0], 'GND': [0, 0, 1, 0, 0, 0, 0, 0], 'FET-B-0': [0, 0, 0, 0, 0, 0, 0.25, 0], 'FET-B-0-left': [0, 0, 0, 0, 0, 0, 0, 1], 'FET-B-0-right': [0, 0, 0, 0, 0, 0, 0, 1], 'inductor-0': [0, 0, 0, 0, 0.05, 0, 0, 0], 'inductor-0-left': [0, 0, 0, 0, 0, 0, 0, 1], 'inductor-0-right': [0, 0, 0, 0, 0, 0, 0, 1], 'FET-A-0': [0, 0, 0, 0, 0, 0.1, 0, 0], 'FET-A-0-left': [0, 0, 0, 0, 0, 0, 0, 1], 'FET-A-0-right': [0, 0, 0, 0, 0, 0, 0, 1], 'inductor-1': [0, 0, 0, 0, 0.05, 0, 0, 0], 'inductor-1-left': [0, 0, 0, 0, 0, 0, 0, 1], 'inductor-1-right': [0, 0, 0, 0, 0, 0, 0, 1]}

xs: [[0, 0, 0, 0, 0, 0, 0, 1], [0, 0, 0, 0, 0, 0, 0, 1], [0, 0, 0, 0, 0.05, 0, 0, 0], [0, 0, 0, 0, 0, 0.1, 0, 0], [1, 0, 0, 0, 0, 0, 0, 0], [0, 0, 1, 0, 0, 0, 0, 0], [0, 0, 0, 0, 0, 0, 0.25, 0], [0, 1, 0, 0, 0, 0, 0, 0], [0, 0, 0, 0, 0, 0, 0, 1], [0, 0, 0, 0, 0.05, 0, 0, 0], [0, 0, 0, 0, 0, 0, 0, 1], [0, 0, 0, 0, 0, 0, 0, 1], [0, 0, 0, 0, 0, 0, 0, 1], [0, 0, 0, 0, 0, 0, 0, 1], [0, 0, 0, 0, 0, 0, 0, 1]]

list of edges (original): [['FET-A-0-right', 5], ['inductor-1-left', 'FET-A-0-right'], ['GND', 4], ['inductor-0-left', 'inductor-0'], ['inductor-1-right', 'GND'], ['inductor-1-right', 'inductor-1'], ['inductor-0-left', 'FET-A-0-right'], ['FET-B-0-left', 'FET-B-0'], ['inductor-1-left', 'inductor-1'], ['FET-A-0-right', 'FET-A-0'], ['FET-B-0-right', 'GND'], ['VIN', 6], ['FET-A-0-left', 'GND'], ['FET-B-0-right', 'FET-B-0'], ['VOUT', 'FET-A-0-right'], ['FET-A-0-left', 'FET-A-0'], ['inductor-0-right', 'VIN'], ['inductor-0-right', 'inductor-0'], ['FET-B-0-left', 'FET-A-0-right']]

list of edge : [['inductor-1-left', 'FET-A-0-right'], ['inductor-0-left', 'inductor-0'], ['inductor-1-right', 'GND'], ['inductor-1-right', 'inductor-1'], ['inductor-0-left', 'FET-A-0-right'], ['FET-B-0-left', 'FET-B-0'], ['inductor-1-left', 'inductor-1'], ['FET-A-0-right', 'FET-A-0'], ['FET-B-0-right', 'GND'], ['FET-A-0-left', 'GND'], ['FET-B-0-right', 'FET-B-0'], ['VOUT', 'FET-A-0-right'], ['FET-A-0-left', 'FET-A-0'], ['inductor-0-right', 'VIN'], ['inductor-0-right', 'inductor-0'], ['FET-B-0-left', 'FET-A-0-right']]

graph: defaultdict(<class 'set'>, {0: {3, 7, 10, 12, 14}, 14: {0, 2}, 10: {0, 6}, 12: {0, 9}, 7: {0}, 2: {11, 14}, 11: {2, 4}, 5: {8, 1, 13}, 13: {9, 5}, 8: {3, 5}, 1: {5, 6}, 9: {12, 13}, 6: {1, 10}, 3: {0, 8}, 4: {11}})

edge: [[0, 3], [0, 7], [0, 10], [0, 12], [0, 14], [14, 0], [14, 2], [10, 0], [10, 6], [12, 0], [12, 9], [7, 0], [2, 11], [2, 14], [11, 2], [11, 4], [5, 8], [5, 1], [5, 13], [13, 9], [13, 5], [8, 3], [8, 5], [1, 5], [1, 6], [9, 12], [9, 13], [6, 1], [6, 10], [3, 0], [3, 8], [4, 11]]

device:
 tensor([[0.0000, 0.0000, 0.0000, 0.0000, 0.0000, 0.0000, 0.0000, 1.0000],
        [0.0000, 0.0000, 0.0000, 0.0000, 0.0000, 0.0000, 0.0000, 1.0000],
        [0.0000, 0.0000, 0.0000, 0.0000, 0.0500, 0.0000, 0.0000, 0.0000],
        [0.0000, 0.0000, 0.0000, 0.0000, 0.0000, 0.1000, 0.0000, 0.0000],
        [1.0000, 0.0000, 0.0000, 0.0000, 0.0000, 0.0000, 0.0000, 0.0000],
        [0.0000, 0.0000, 1.0000, 0.0000, 0.0000, 0.0000, 0.0000, 0.0000],
        [0.0000, 0.0000, 0.0000, 0.0000, 0.0000, 0.0000, 0.2500, 0.0000],
        [0.0000, 1.0000, 0.0000, 0.0000, 0.0000, 0.0000, 0.0000, 0.0000],
        [0.0000, 0.0000, 0.0000, 0.0000, 0.0000, 0.0000, 0.0000, 1.0000],
        [0.0000, 0.0000, 0.0000, 0.0000, 0.0500, 0.0000, 0.0000, 0.0000],
        [0.0000, 0.0000, 0.0000, 0.0000, 0.0000, 0.0000, 0.0000, 1.0000],
        [0.0000, 0.0000, 0.0000, 0.0000, 0.0000, 0.0000, 0.0000, 1.0000],
        [0.0000, 0.0000, 0.0000, 0.0000, 0.0000, 0.0000, 0.0000, 1.0000],
        [0.0000, 0.0000, 0.0000, 0.0000, 0.0000, 0.0000, 0.0000, 1.0000],
        [0.0000, 0.0000, 0.0000, 0.0000, 0.0000, 0.0000, 0.0000, 1.0000]])

edge:
 tensor([[ 0,  0,  0,  0,  0, 14, 14, 10, 10, 12, 12,  7,  2,  2, 11, 11,  5,  5,
          5, 13, 13,  8,  8,  1,  1,  9,  9,  6,  6,  3,  3,  4],
        [ 3,  7, 10, 12, 14,  0,  2,  0,  6,  0,  9,  0, 11, 14,  2,  4,  8,  1,
         13,  9,  5,  3,  5,  5,  6, 12, 13,  1, 10,  0,  8, 11]])

y:
 tensor([1.9862e-07])
